Using pre-set license
Built from '2020.3/staging' branch; Version is '2020.3.0f1 (c7b5465681fb) revision 13088070'; Using compiler version '192528614'; Build Type 'Release'
OS: 'Windows 10 Home; OS build 19043.1151; Version 2009; 64bit' Language: 'ko' Physical Memory: 16291 MB
BatchMode: 1, IsHumanControllingUs: 0, StartBugReporterOnCrash: 0, Is64bit: 1, IsPro: 0

 COMMAND LINE ARGUMENTS:
D:\Program Files\Unity\2020.3.0f1\Editor\Unity.exe
-adb2
-batchMode
-noUpm
-name
AssetImportWorker1
-projectPath
D:/School/3-1 Vacation/Unity3D/Unity3D_RPG/RPG
-logFile
Logs/AssetImportWorker1.log
-srvPort
2370
Successfully changed project path to: D:/School/3-1 Vacation/Unity3D/Unity3D_RPG/RPG
D:/School/3-1 Vacation/Unity3D/Unity3D_RPG/RPG
Using Asset Import Pipeline V2.
Refreshing native plugins compatible for Editor in 33.15 ms, found 0 plugins.
Preloading 0 native plugins for Editor in 0.00 ms.
Initialize engine version: 2020.3.0f1 (c7b5465681fb)
[Subsystems] Discovering subsystems at path D:/Program Files/Unity/2020.3.0f1/Editor/Data/Resources/UnitySubsystems
[Subsystems] Discovering subsystems at path D:/School/3-1 Vacation/Unity3D/Unity3D_RPG/RPG/Assets
GfxDevice: creating device client; threaded=0
Direct3D:
    Version:  Direct3D 11.0 [level 11.1]
    Renderer: NVIDIA GeForce RTX 2060 (ID=0x1f08)
    Vendor:   
    VRAM:     5980 MB
    Driver:   30.0.14.7141
Initialize mono
Mono path[0] = 'D:/Program Files/Unity/2020.3.0f1/Editor/Data/Managed'
Mono path[1] = 'D:/Program Files/Unity/2020.3.0f1/Editor/Data/MonoBleedingEdge/lib/mono/unityjit'
Mono config path = 'D:/Program Files/Unity/2020.3.0f1/Editor/Data/MonoBleedingEdge/etc'
Using monoOptions --debugger-agent=transport=dt_socket,embedding=1,server=y,suspend=n,address=127.0.0.1:56456
Begin MonoManager ReloadAssembly
Registering precompiled unity dll's ...
Register platform support module: D:/Program Files/Unity/2020.3.0f1/Editor/Data/PlaybackEngines/WindowsStandaloneSupport/UnityEditor.WindowsStandalone.Extensions.dll
Registered in 0.000863 seconds.
Native extension for WindowsStandalone target not found
Refreshing native plugins compatible for Editor in 25.45 ms, found 0 plugins.
Preloading 0 native plugins for Editor in 0.00 ms.
Invoked RoslynAnalysisRunner static constructor.
RoslynAnalysisRunner will not be running.
RoslynAnalysisRunner has terminated.
Mono: successfully reloaded assembly
- Completed reload, in  2.617 seconds
Platform modules already initialized, skipping
Registering precompiled user dll's ...
Registered in 0.000557 seconds.
Begin MonoManager ReloadAssembly
Native extension for WindowsStandalone target not found
Refreshing native plugins compatible for Editor in 0.21 ms, found 0 plugins.
Preloading 0 native plugins for Editor in 0.00 ms.
Invoked RoslynAnalysisRunner static constructor.
RoslynAnalysisRunner will not be running.
RoslynAnalysisRunner has terminated.
Mono: successfully reloaded assembly
- Completed reload, in  1.008 seconds
Platform modules already initialized, skipping
========================================================================
Worker process is ready to serve import requests
Launched and connected shader compiler UnityShaderCompiler.exe after 0.10 seconds
Refreshing native plugins compatible for Editor in 0.20 ms, found 0 plugins.
Preloading 0 native plugins for Editor in 0.00 ms.
Unloading 1142 Unused Serialized files (Serialized files now loaded: 0)
System memory in use before: 59.7 MB.
System memory in use after: 59.7 MB.

Unloading 10 unused Assets to reduce memory usage. Loaded Objects now: 1588.
Total: 1.439600 ms (FindLiveObjects: 0.139000 ms CreateObjectMapping: 0.035200 ms MarkObjects: 1.190100 ms  DeleteObjects: 0.074000 ms)

========================================================================
Received Import Request.
  path: Assets/Resources/item01.png
  artifactKey: Guid(1541436631ccf084c9de15853170edcb) Importer(815301076,1909f56bfc062723c751e8b465ee728b)
Start importing Assets/Resources/item01.png using Guid(1541436631ccf084c9de15853170edcb) Importer(815301076,1909f56bfc062723c751e8b465ee728b)  -> (artifact id: '508aa796bf3884335c20945979aaeee8') in 0.189204 seconds
  Import took 0.193697 seconds .

========================================================================
Received Import Request.
  Time since last request: 6.703176 seconds.
  path: Assets/Resources/item02.png
  artifactKey: Guid(ee2be0677a258244090374025d028c11) Importer(815301076,1909f56bfc062723c751e8b465ee728b)
Start importing Assets/Resources/item02.png using Guid(ee2be0677a258244090374025d028c11) Importer(815301076,1909f56bfc062723c751e8b465ee728b)  -> (artifact id: '418be9abfb28bd06effd26d43f01ec83') in 0.012140 seconds
  Import took 0.014361 seconds .

========================================================================
Received Import Request.
  Time since last request: 2.753277 seconds.
  path: Assets/Resources/item02.png
  artifactKey: Guid(ee2be0677a258244090374025d028c11) Importer(815301076,1909f56bfc062723c751e8b465ee728b)
Start importing Assets/Resources/item02.png using Guid(ee2be0677a258244090374025d028c11) Importer(815301076,1909f56bfc062723c751e8b465ee728b)  -> (artifact id: 'e5d6c8b097fbfbf29fb625698d1679ac') in 0.092389 seconds
  Import took 0.094364 seconds .

========================================================================
Received Import Request.
  Time since last request: 4.800438 seconds.
  path: Assets/Resources/item01.png
  artifactKey: Guid(1541436631ccf084c9de15853170edcb) Importer(815301076,1909f56bfc062723c751e8b465ee728b)
Start importing Assets/Resources/item01.png using Guid(1541436631ccf084c9de15853170edcb) Importer(815301076,1909f56bfc062723c751e8b465ee728b)  -> (artifact id: '4cb913c00ad40708de659da4e2a06a76') in 0.023451 seconds
  Import took 0.025586 seconds .

========================================================================
Received Import Request.
  Time since last request: 1.510803 seconds.
  path: Assets/Resources/inventory.txt
  artifactKey: Guid(7b33ee995d179994cb5b0e94c978070e) Importer(815301076,1909f56bfc062723c751e8b465ee728b)
Start importing Assets/Resources/inventory.txt using Guid(7b33ee995d179994cb5b0e94c978070e) Importer(815301076,1909f56bfc062723c751e8b465ee728b)  -> (artifact id: '2fc2469d5c00a9146351917ff581c987') in 0.020383 seconds
  Import took 0.025953 seconds .

========================================================================
Received Prepare
Registering precompiled user dll's ...
Registered in 0.000727 seconds.
Begin MonoManager ReloadAssembly
Native extension for WindowsStandalone target not found
Refreshing native plugins compatible for Editor in 0.28 ms, found 0 plugins.
Preloading 0 native plugins for Editor in 0.00 ms.
Invoked RoslynAnalysisRunner static constructor.
RoslynAnalysisRunner will not be running.
RoslynAnalysisRunner has terminated.
Mono: successfully reloaded assembly
- Completed reload, in  0.902 seconds
Platform modules already initialized, skipping
Refreshing native plugins compatible for Editor in 0.31 ms, found 0 plugins.
Preloading 0 native plugins for Editor in 0.00 ms.
Unloading 1124 Unused Serialized files (Serialized files now loaded: 0)
System memory in use before: 61.7 MB.
System memory in use after: 61.8 MB.

Unloading 5 unused Assets to reduce memory usage. Loaded Objects now: 1597.
Total: 1.771600 ms (FindLiveObjects: 0.261400 ms CreateObjectMapping: 0.080300 ms MarkObjects: 1.376500 ms  DeleteObjects: 0.051600 ms)

========================================================================
Received Prepare
Registering precompiled user dll's ...
Registered in 0.000794 seconds.
Begin MonoManager ReloadAssembly
Native extension for WindowsStandalone target not found
Refreshing native plugins compatible for Editor in 1.17 ms, found 0 plugins.
Preloading 0 native plugins for Editor in 0.00 ms.
Invoked RoslynAnalysisRunner static constructor.
RoslynAnalysisRunner will not be running.
RoslynAnalysisRunner has terminated.
Mono: successfully reloaded assembly
- Completed reload, in  0.843 seconds
Platform modules already initialized, skipping
Refreshing native plugins compatible for Editor in 0.25 ms, found 0 plugins.
Preloading 0 native plugins for Editor in 0.00 ms.
Unloading 1124 Unused Serialized files (Serialized files now loaded: 0)
System memory in use before: 61.7 MB.
System memory in use after: 61.8 MB.

Unloading 5 unused Assets to reduce memory usage. Loaded Objects now: 1600.
Total: 1.858800 ms (FindLiveObjects: 0.211300 ms CreateObjectMapping: 0.042700 ms MarkObjects: 1.524800 ms  DeleteObjects: 0.078000 ms)

========================================================================
Received Import Request.
  Time since last request: 261.111445 seconds.
  path: Assets/Prefabs/UI/InventoryPanel.prefab
  artifactKey: Guid(cc3341acd19e29a4fb3d21b16c304291) Importer(815301076,1909f56bfc062723c751e8b465ee728b)
Start importing Assets/Prefabs/UI/InventoryPanel.prefab using Guid(cc3341acd19e29a4fb3d21b16c304291) Importer(815301076,1909f56bfc062723c751e8b465ee728b)  -> (artifact id: '1c167cf0998e7d617eae7085e0449664') in 0.066474 seconds
  Import took 0.068515 seconds .

========================================================================
Received Import Request.
  Time since last request: 0.033855 seconds.
  path: Assets/Prefabs/UI/InventoryPanel.prefab
  artifactKey: Guid(cc3341acd19e29a4fb3d21b16c304291) Importer(815301076,1909f56bfc062723c751e8b465ee728b)
Start importing Assets/Prefabs/UI/InventoryPanel.prefab using Guid(cc3341acd19e29a4fb3d21b16c304291) Importer(815301076,1909f56bfc062723c751e8b465ee728b)  -> (artifact id: '1c167cf0998e7d617eae7085e0449664') in 0.003642 seconds
  Import took 0.005902 seconds .

========================================================================
Received Import Request.
  Time since last request: 93.859280 seconds.
  path: Assets/Resources/inventory.txt
  artifactKey: Guid(7b33ee995d179994cb5b0e94c978070e) Importer(815301076,1909f56bfc062723c751e8b465ee728b)
Start importing Assets/Resources/inventory.txt using Guid(7b33ee995d179994cb5b0e94c978070e) Importer(815301076,1909f56bfc062723c751e8b465ee728b)  -> (artifact id: '6c7c553515e1addd364f405a095ffc52') in 0.002116 seconds
  Import took 0.004520 seconds .

========================================================================
Received Import Request.
  Time since last request: 0.000425 seconds.
  path: Assets/Resources/inventory.txt
  artifactKey: Guid(7b33ee995d179994cb5b0e94c978070e) Importer(815301076,1909f56bfc062723c751e8b465ee728b)
Start importing Assets/Resources/inventory.txt using Guid(7b33ee995d179994cb5b0e94c978070e) Importer(815301076,1909f56bfc062723c751e8b465ee728b)  -> (artifact id: '6c7c553515e1addd364f405a095ffc52') in 0.002570 seconds
  Import took 0.004508 seconds .

========================================================================
Received Prepare
Registering precompiled user dll's ...
Registered in 0.000511 seconds.
Begin MonoManager ReloadAssembly
Native extension for WindowsStandalone target not found
Refreshing native plugins compatible for Editor in 0.27 ms, found 0 plugins.
Preloading 0 native plugins for Editor in 0.00 ms.
Invoked RoslynAnalysisRunner static constructor.
RoslynAnalysisRunner will not be running.
RoslynAnalysisRunner has terminated.
Mono: successfully reloaded assembly
- Completed reload, in  0.919 seconds
Platform modules already initialized, skipping
Refreshing native plugins compatible for Editor in 0.49 ms, found 0 plugins.
Preloading 0 native plugins for Editor in 0.00 ms.
Unloading 1124 Unused Serialized files (Serialized files now loaded: 0)
System memory in use before: 61.8 MB.
System memory in use after: 61.9 MB.

Unloading 8 unused Assets to reduce memory usage. Loaded Objects now: 1605.
Total: 3.160000 ms (FindLiveObjects: 0.369400 ms CreateObjectMapping: 0.112500 ms MarkObjects: 1.917100 ms  DeleteObjects: 0.758800 ms)

========================================================================
Received Prepare
Registering precompiled user dll's ...
Registered in 0.000673 seconds.
Begin MonoManager ReloadAssembly
Native extension for WindowsStandalone target not found
Refreshing native plugins compatible for Editor in 0.21 ms, found 0 plugins.
Preloading 0 native plugins for Editor in 0.00 ms.
Invoked RoslynAnalysisRunner static constructor.
RoslynAnalysisRunner will not be running.
RoslynAnalysisRunner has terminated.
Mono: successfully reloaded assembly
- Completed reload, in  0.936 seconds
Platform modules already initialized, skipping
Refreshing native plugins compatible for Editor in 0.20 ms, found 0 plugins.
Preloading 0 native plugins for Editor in 0.00 ms.
Unloading 1124 Unused Serialized files (Serialized files now loaded: 0)
System memory in use before: 61.8 MB.
System memory in use after: 61.9 MB.

Unloading 5 unused Assets to reduce memory usage. Loaded Objects now: 1608.
Total: 1.754800 ms (FindLiveObjects: 0.155200 ms CreateObjectMapping: 0.039200 ms MarkObjects: 1.502000 ms  DeleteObjects: 0.056700 ms)

========================================================================
Received Import Request.
  Time since last request: 467.254821 seconds.
  path: Assets/Prefabs/UI/Slot.prefab
  artifactKey: Guid(b0febad3a0771384780eb47e3afbce39) Importer(815301076,1909f56bfc062723c751e8b465ee728b)
Start importing Assets/Prefabs/UI/Slot.prefab using Guid(b0febad3a0771384780eb47e3afbce39) Importer(815301076,1909f56bfc062723c751e8b465ee728b)  -> (artifact id: 'f9e9bcfd1b9d91384939fed2291938a0') in 0.037045 seconds
  Import took 0.039774 seconds .

========================================================================
Received Import Request.
  Time since last request: 0.017716 seconds.
  path: Assets/Prefabs/UI/Slot.prefab
  artifactKey: Guid(b0febad3a0771384780eb47e3afbce39) Importer(815301076,1909f56bfc062723c751e8b465ee728b)
Start importing Assets/Prefabs/UI/Slot.prefab using Guid(b0febad3a0771384780eb47e3afbce39) Importer(815301076,1909f56bfc062723c751e8b465ee728b)  -> (artifact id: 'f9e9bcfd1b9d91384939fed2291938a0') in 0.004583 seconds
  Import took 0.010056 seconds .

========================================================================
Received Prepare
Registering precompiled user dll's ...
Registered in 0.000558 seconds.
Begin MonoManager ReloadAssembly
Native extension for WindowsStandalone target not found
Refreshing native plugins compatible for Editor in 0.22 ms, found 0 plugins.
Preloading 0 native plugins for Editor in 0.00 ms.
Invoked RoslynAnalysisRunner static constructor.
RoslynAnalysisRunner will not be running.
RoslynAnalysisRunner has terminated.
Mono: successfully reloaded assembly
- Completed reload, in  1.036 seconds
Platform modules already initialized, skipping
Refreshing native plugins compatible for Editor in 0.24 ms, found 0 plugins.
Preloading 0 native plugins for Editor in 0.00 ms.
Unloading 1124 Unused Serialized files (Serialized files now loaded: 0)
System memory in use before: 61.9 MB.
System memory in use after: 61.9 MB.

Unloading 6 unused Assets to reduce memory usage. Loaded Objects now: 1611.
Total: 1.448600 ms (FindLiveObjects: 0.190900 ms CreateObjectMapping: 0.032800 ms MarkObjects: 1.170500 ms  DeleteObjects: 0.053000 ms)

========================================================================
Received Prepare
Registering precompiled user dll's ...
Registered in 0.000554 seconds.
Begin MonoManager ReloadAssembly
Native extension for WindowsStandalone target not found
Refreshing native plugins compatible for Editor in 0.26 ms, found 0 plugins.
Preloading 0 native plugins for Editor in 0.00 ms.
Invoked RoslynAnalysisRunner static constructor.
RoslynAnalysisRunner will not be running.
RoslynAnalysisRunner has terminated.
Mono: successfully reloaded assembly
- Completed reload, in  0.953 seconds
Platform modules already initialized, skipping
Refreshing native plugins compatible for Editor in 0.22 ms, found 0 plugins.
Preloading 0 native plugins for Editor in 0.00 ms.
Unloading 1124 Unused Serialized files (Serialized files now loaded: 0)
System memory in use before: 61.9 MB.
System memory in use after: 61.9 MB.

Unloading 5 unused Assets to reduce memory usage. Loaded Objects now: 1614.
Total: 1.948700 ms (FindLiveObjects: 0.186400 ms CreateObjectMapping: 0.058000 ms MarkObjects: 1.649100 ms  DeleteObjects: 0.053900 ms)

========================================================================
Received Prepare
Registering precompiled user dll's ...
Registered in 0.000594 seconds.
Begin MonoManager ReloadAssembly
Native extension for WindowsStandalone target not found
Refreshing native plugins compatible for Editor in 0.22 ms, found 0 plugins.
Preloading 0 native plugins for Editor in 0.00 ms.
Invoked RoslynAnalysisRunner static constructor.
RoslynAnalysisRunner will not be running.
RoslynAnalysisRunner has terminated.
Mono: successfully reloaded assembly
- Completed reload, in  0.892 seconds
Platform modules already initialized, skipping
Refreshing native plugins compatible for Editor in 0.20 ms, found 0 plugins.
Preloading 0 native plugins for Editor in 0.00 ms.
Unloading 1124 Unused Serialized files (Serialized files now loaded: 0)
System memory in use before: 61.9 MB.
System memory in use after: 61.9 MB.

Unloading 5 unused Assets to reduce memory usage. Loaded Objects now: 1617.
Total: 1.455700 ms (FindLiveObjects: 0.134700 ms CreateObjectMapping: 0.032100 ms MarkObjects: 1.239000 ms  DeleteObjects: 0.049000 ms)

========================================================================
Received Prepare
Registering precompiled user dll's ...
Registered in 0.000470 seconds.
Begin MonoManager ReloadAssembly
Native extension for WindowsStandalone target not found
Refreshing native plugins compatible for Editor in 0.59 ms, found 0 plugins.
Preloading 0 native plugins for Editor in 0.00 ms.
Invoked RoslynAnalysisRunner static constructor.
RoslynAnalysisRunner will not be running.
RoslynAnalysisRunner has terminated.
Mono: successfully reloaded assembly
- Completed reload, in  0.770 seconds
Platform modules already initialized, skipping
Refreshing native plugins compatible for Editor in 0.20 ms, found 0 plugins.
Preloading 0 native plugins for Editor in 0.00 ms.
Unloading 1124 Unused Serialized files (Serialized files now loaded: 0)
System memory in use before: 61.9 MB.
System memory in use after: 61.9 MB.

Unloading 5 unused Assets to reduce memory usage. Loaded Objects now: 1620.
Total: 2.329600 ms (FindLiveObjects: 0.271000 ms CreateObjectMapping: 0.064300 ms MarkObjects: 1.937800 ms  DeleteObjects: 0.054300 ms)

========================================================================
Received Prepare
Registering precompiled user dll's ...
Registered in 0.001139 seconds.
Begin MonoManager ReloadAssembly
Native extension for WindowsStandalone target not found
Refreshing native plugins compatible for Editor in 0.24 ms, found 0 plugins.
Preloading 0 native plugins for Editor in 0.00 ms.
Invoked RoslynAnalysisRunner static constructor.
RoslynAnalysisRunner will not be running.
RoslynAnalysisRunner has terminated.
Mono: successfully reloaded assembly
- Completed reload, in  0.730 seconds
Platform modules already initialized, skipping
Refreshing native plugins compatible for Editor in 0.24 ms, found 0 plugins.
Preloading 0 native plugins for Editor in 0.00 ms.
Unloading 1124 Unused Serialized files (Serialized files now loaded: 0)
System memory in use before: 61.9 MB.
System memory in use after: 62.0 MB.

Unloading 5 unused Assets to reduce memory usage. Loaded Objects now: 1623.
Total: 1.540100 ms (FindLiveObjects: 0.212300 ms CreateObjectMapping: 0.044100 ms MarkObjects: 1.235100 ms  DeleteObjects: 0.047400 ms)

========================================================================
Received Prepare
Registering precompiled user dll's ...
Registered in 0.000474 seconds.
Begin MonoManager ReloadAssembly
Native extension for WindowsStandalone target not found
Refreshing native plugins compatible for Editor in 0.30 ms, found 0 plugins.
Preloading 0 native plugins for Editor in 0.00 ms.
Invoked RoslynAnalysisRunner static constructor.
RoslynAnalysisRunner will not be running.
RoslynAnalysisRunner has terminated.
Mono: successfully reloaded assembly
- Completed reload, in  0.953 seconds
Platform modules already initialized, skipping
Refreshing native plugins compatible for Editor in 0.20 ms, found 0 plugins.
Preloading 0 native plugins for Editor in 0.00 ms.
Unloading 1124 Unused Serialized files (Serialized files now loaded: 0)
System memory in use before: 61.9 MB.
System memory in use after: 62.0 MB.

Unloading 5 unused Assets to reduce memory usage. Loaded Objects now: 1626.
Total: 2.025700 ms (FindLiveObjects: 0.192900 ms CreateObjectMapping: 0.053900 ms MarkObjects: 1.713900 ms  DeleteObjects: 0.063100 ms)

========================================================================
Received Prepare
Registering precompiled user dll's ...
Registered in 0.000721 seconds.
Begin MonoManager ReloadAssembly
Native extension for WindowsStandalone target not found
Refreshing native plugins compatible for Editor in 0.24 ms, found 0 plugins.
Preloading 0 native plugins for Editor in 0.00 ms.
Invoked RoslynAnalysisRunner static constructor.
RoslynAnalysisRunner will not be running.
RoslynAnalysisRunner has terminated.
Mono: successfully reloaded assembly
- Completed reload, in  1.078 seconds
Platform modules already initialized, skipping
Refreshing native plugins compatible for Editor in 0.60 ms, found 0 plugins.
Preloading 0 native plugins for Editor in 0.00 ms.
Unloading 1124 Unused Serialized files (Serialized files now loaded: 0)
System memory in use before: 61.9 MB.
System memory in use after: 62.0 MB.

Unloading 5 unused Assets to reduce memory usage. Loaded Objects now: 1629.
Total: 2.302400 ms (FindLiveObjects: 0.477300 ms CreateObjectMapping: 0.059700 ms MarkObjects: 1.711400 ms  DeleteObjects: 0.052900 ms)

========================================================================
Received Prepare
Registering precompiled user dll's ...
Registered in 0.000727 seconds.
Begin MonoManager ReloadAssembly
Native extension for WindowsStandalone target not found
Refreshing native plugins compatible for Editor in 0.20 ms, found 0 plugins.
Preloading 0 native plugins for Editor in 0.00 ms.
Invoked RoslynAnalysisRunner static constructor.
RoslynAnalysisRunner will not be running.
RoslynAnalysisRunner has terminated.
Mono: successfully reloaded assembly
- Completed reload, in  0.836 seconds
Platform modules already initialized, skipping
Refreshing native plugins compatible for Editor in 0.22 ms, found 0 plugins.
Preloading 0 native plugins for Editor in 0.00 ms.
Unloading 1124 Unused Serialized files (Serialized files now loaded: 0)
System memory in use before: 61.9 MB.
System memory in use after: 62.0 MB.

Unloading 5 unused Assets to reduce memory usage. Loaded Objects now: 1632.
Total: 1.760300 ms (FindLiveObjects: 0.195200 ms CreateObjectMapping: 0.044200 ms MarkObjects: 1.465800 ms  DeleteObjects: 0.053300 ms)

========================================================================
Received Prepare
Registering precompiled user dll's ...
Registered in 0.000475 seconds.
Begin MonoManager ReloadAssembly
Native extension for WindowsStandalone target not found
Refreshing native plugins compatible for Editor in 0.21 ms, found 0 plugins.
Preloading 0 native plugins for Editor in 0.00 ms.
Invoked RoslynAnalysisRunner static constructor.
RoslynAnalysisRunner will not be running.
RoslynAnalysisRunner has terminated.
Mono: successfully reloaded assembly
- Completed reload, in  1.016 seconds
Platform modules already initialized, skipping
Refreshing native plugins compatible for Editor in 0.25 ms, found 0 plugins.
Preloading 0 native plugins for Editor in 0.00 ms.
Unloading 1124 Unused Serialized files (Serialized files now loaded: 0)
System memory in use before: 61.9 MB.
System memory in use after: 62.0 MB.

Unloading 5 unused Assets to reduce memory usage. Loaded Objects now: 1635.
Total: 2.057900 ms (FindLiveObjects: 0.192900 ms CreateObjectMapping: 0.037700 ms MarkObjects: 1.776700 ms  DeleteObjects: 0.049400 ms)

========================================================================
Received Prepare
Registering precompiled user dll's ...
Registered in 0.000612 seconds.
Begin MonoManager ReloadAssembly
Native extension for WindowsStandalone target not found
Refreshing native plugins compatible for Editor in 0.23 ms, found 0 plugins.
Preloading 0 native plugins for Editor in 0.00 ms.
Invoked RoslynAnalysisRunner static constructor.
RoslynAnalysisRunner will not be running.
RoslynAnalysisRunner has terminated.
Mono: successfully reloaded assembly
- Completed reload, in  0.937 seconds
Platform modules already initialized, skipping
Refreshing native plugins compatible for Editor in 0.21 ms, found 0 plugins.
Preloading 0 native plugins for Editor in 0.00 ms.
Unloading 1124 Unused Serialized files (Serialized files now loaded: 0)
System memory in use before: 61.9 MB.
System memory in use after: 62.0 MB.

Unloading 5 unused Assets to reduce memory usage. Loaded Objects now: 1638.
Total: 3.402800 ms (FindLiveObjects: 0.221700 ms CreateObjectMapping: 0.050800 ms MarkObjects: 3.061200 ms  DeleteObjects: 0.067200 ms)

========================================================================
Received Prepare
Registering precompiled user dll's ...
Registered in 0.000770 seconds.
Begin MonoManager ReloadAssembly
Native extension for WindowsStandalone target not found
Refreshing native plugins compatible for Editor in 0.20 ms, found 0 plugins.
Preloading 0 native plugins for Editor in 0.00 ms.
Invoked RoslynAnalysisRunner static constructor.
RoslynAnalysisRunner will not be running.
RoslynAnalysisRunner has terminated.
Mono: successfully reloaded assembly
- Completed reload, in  0.903 seconds
Platform modules already initialized, skipping
Refreshing native plugins compatible for Editor in 0.20 ms, found 0 plugins.
Preloading 0 native plugins for Editor in 0.00 ms.
Unloading 1124 Unused Serialized files (Serialized files now loaded: 0)
System memory in use before: 61.9 MB.
System memory in use after: 62.0 MB.

Unloading 5 unused Assets to reduce memory usage. Loaded Objects now: 1641.
Total: 2.226300 ms (FindLiveObjects: 0.254100 ms CreateObjectMapping: 0.035300 ms MarkObjects: 1.856500 ms  DeleteObjects: 0.078400 ms)

========================================================================
Received Prepare
Registering precompiled user dll's ...
Registered in 0.000474 seconds.
Begin MonoManager ReloadAssembly
Native extension for WindowsStandalone target not found
Refreshing native plugins compatible for Editor in 0.24 ms, found 0 plugins.
Preloading 0 native plugins for Editor in 0.00 ms.
Invoked RoslynAnalysisRunner static constructor.
RoslynAnalysisRunner will not be running.
RoslynAnalysisRunner has terminated.
Mono: successfully reloaded assembly
- Completed reload, in  1.011 seconds
Platform modules already initialized, skipping
Refreshing native plugins compatible for Editor in 0.20 ms, found 0 plugins.
Preloading 0 native plugins for Editor in 0.00 ms.
Unloading 1124 Unused Serialized files (Serialized files now loaded: 0)
System memory in use before: 61.9 MB.
System memory in use after: 62.0 MB.

Unloading 5 unused Assets to reduce memory usage. Loaded Objects now: 1644.
Total: 1.792600 ms (FindLiveObjects: 0.361300 ms CreateObjectMapping: 0.065300 ms MarkObjects: 1.304400 ms  DeleteObjects: 0.060300 ms)

========================================================================
Received Prepare
Registering precompiled user dll's ...
Registered in 0.000484 seconds.
Begin MonoManager ReloadAssembly
Native extension for WindowsStandalone target not found
Refreshing native plugins compatible for Editor in 0.20 ms, found 0 plugins.
Preloading 0 native plugins for Editor in 0.00 ms.
Invoked RoslynAnalysisRunner static constructor.
RoslynAnalysisRunner will not be running.
RoslynAnalysisRunner has terminated.
Mono: successfully reloaded assembly
- Completed reload, in  0.813 seconds
Platform modules already initialized, skipping
Refreshing native plugins compatible for Editor in 0.21 ms, found 0 plugins.
Preloading 0 native plugins for Editor in 0.00 ms.
Unloading 1124 Unused Serialized files (Serialized files now loaded: 0)
System memory in use before: 61.9 MB.
System memory in use after: 62.0 MB.

Unloading 5 unused Assets to reduce memory usage. Loaded Objects now: 1647.
Total: 2.078600 ms (FindLiveObjects: 0.277400 ms CreateObjectMapping: 0.058900 ms MarkObjects: 1.681700 ms  DeleteObjects: 0.059500 ms)

========================================================================
Received Prepare
Registering precompiled user dll's ...
Registered in 0.000611 seconds.
Begin MonoManager ReloadAssembly
Native extension for WindowsStandalone target not found
Refreshing native plugins compatible for Editor in 0.21 ms, found 0 plugins.
Preloading 0 native plugins for Editor in 0.00 ms.
Invoked RoslynAnalysisRunner static constructor.
RoslynAnalysisRunner will not be running.
RoslynAnalysisRunner has terminated.
Mono: successfully reloaded assembly
- Completed reload, in  0.897 seconds
Platform modules already initialized, skipping
Refreshing native plugins compatible for Editor in 0.32 ms, found 0 plugins.
Preloading 0 native plugins for Editor in 0.00 ms.
Unloading 1124 Unused Serialized files (Serialized files now loaded: 0)
System memory in use before: 61.9 MB.
System memory in use after: 62.0 MB.

Unloading 5 unused Assets to reduce memory usage. Loaded Objects now: 1650.
Total: 1.959100 ms (FindLiveObjects: 0.310200 ms CreateObjectMapping: 0.069700 ms MarkObjects: 1.519300 ms  DeleteObjects: 0.057400 ms)

========================================================================
Received Prepare
Registering precompiled user dll's ...
Registered in 0.000544 seconds.
Begin MonoManager ReloadAssembly
Native extension for WindowsStandalone target not found
Refreshing native plugins compatible for Editor in 0.23 ms, found 0 plugins.
Preloading 0 native plugins for Editor in 0.00 ms.
Invoked RoslynAnalysisRunner static constructor.
RoslynAnalysisRunner will not be running.
RoslynAnalysisRunner has terminated.
Mono: successfully reloaded assembly
- Completed reload, in  0.772 seconds
Platform modules already initialized, skipping
Refreshing native plugins compatible for Editor in 0.20 ms, found 0 plugins.
Preloading 0 native plugins for Editor in 0.00 ms.
Unloading 1124 Unused Serialized files (Serialized files now loaded: 0)
System memory in use before: 61.9 MB.
System memory in use after: 62.0 MB.

Unloading 5 unused Assets to reduce memory usage. Loaded Objects now: 1653.
Total: 1.577000 ms (FindLiveObjects: 0.150200 ms CreateObjectMapping: 0.034200 ms MarkObjects: 1.309100 ms  DeleteObjects: 0.081800 ms)

========================================================================
Received Import Request.
  Time since last request: 1144.001166 seconds.
  path: Assets/Prefabs/UI/HpSlider.prefab
  artifactKey: Guid(bc91f2f81f59319499c2e136713fb212) Importer(815301076,1909f56bfc062723c751e8b465ee728b)
Start importing Assets/Prefabs/UI/HpSlider.prefab using Guid(bc91f2f81f59319499c2e136713fb212) Importer(815301076,1909f56bfc062723c751e8b465ee728b)  -> (artifact id: '1c09996e92b4f7849065937edeb434f9') in 0.040858 seconds
  Import took 0.043021 seconds .

========================================================================
Received Import Request.
  Time since last request: 0.085061 seconds.
  path: Assets/Prefabs/UI/HpSlider.prefab
  artifactKey: Guid(bc91f2f81f59319499c2e136713fb212) Importer(815301076,1909f56bfc062723c751e8b465ee728b)
Start importing Assets/Prefabs/UI/HpSlider.prefab using Guid(bc91f2f81f59319499c2e136713fb212) Importer(815301076,1909f56bfc062723c751e8b465ee728b)  -> (artifact id: '1c09996e92b4f7849065937edeb434f9') in 0.003307 seconds
  Import took 0.005432 seconds .

========================================================================
Received Prepare
Registering precompiled user dll's ...
Registered in 0.000468 seconds.
Begin MonoManager ReloadAssembly
Native extension for WindowsStandalone target not found
Refreshing native plugins compatible for Editor in 0.30 ms, found 0 plugins.
Preloading 0 native plugins for Editor in 0.00 ms.
Invoked RoslynAnalysisRunner static constructor.
RoslynAnalysisRunner will not be running.
RoslynAnalysisRunner has terminated.
Mono: successfully reloaded assembly
- Completed reload, in  0.751 seconds
Platform modules already initialized, skipping
Refreshing native plugins compatible for Editor in 0.29 ms, found 0 plugins.
Preloading 0 native plugins for Editor in 0.00 ms.
Unloading 1124 Unused Serialized files (Serialized files now loaded: 0)
System memory in use before: 61.9 MB.
System memory in use after: 62.0 MB.

Unloading 7 unused Assets to reduce memory usage. Loaded Objects now: 1656.
Total: 2.199500 ms (FindLiveObjects: 0.311600 ms CreateObjectMapping: 0.057600 ms MarkObjects: 1.745300 ms  DeleteObjects: 0.083000 ms)

========================================================================
Received Prepare
Registering precompiled user dll's ...
Registered in 0.000665 seconds.
Begin MonoManager ReloadAssembly
Native extension for WindowsStandalone target not found
Refreshing native plugins compatible for Editor in 0.29 ms, found 0 plugins.
Preloading 0 native plugins for Editor in 0.00 ms.
Invoked RoslynAnalysisRunner static constructor.
RoslynAnalysisRunner will not be running.
RoslynAnalysisRunner has terminated.
Mono: successfully reloaded assembly
- Completed reload, in  0.895 seconds
Platform modules already initialized, skipping
Refreshing native plugins compatible for Editor in 0.24 ms, found 0 plugins.
Preloading 0 native plugins for Editor in 0.00 ms.
Unloading 1124 Unused Serialized files (Serialized files now loaded: 0)
System memory in use before: 61.9 MB.
System memory in use after: 62.0 MB.

Unloading 5 unused Assets to reduce memory usage. Loaded Objects now: 1659.
Total: 1.641900 ms (FindLiveObjects: 0.183200 ms CreateObjectMapping: 0.050500 ms MarkObjects: 1.353000 ms  DeleteObjects: 0.053300 ms)

========================================================================
Received Import Request.
  Time since last request: 54.531689 seconds.
  path: Assets/Prefabs/UI/ExpSlider.prefab
  artifactKey: Guid(f2b026e4181a1794682adacea07ce047) Importer(815301076,1909f56bfc062723c751e8b465ee728b)
Start importing Assets/Prefabs/UI/ExpSlider.prefab using Guid(f2b026e4181a1794682adacea07ce047) Importer(815301076,1909f56bfc062723c751e8b465ee728b)  -> (artifact id: '10fd8a539e54dcde2d2e2e1ca3fc4b4b') in 0.040266 seconds
  Import took 0.042598 seconds .

========================================================================
Received Import Request.
  Time since last request: 0.082527 seconds.
  path: Assets/Prefabs/UI/ExpSlider.prefab
  artifactKey: Guid(f2b026e4181a1794682adacea07ce047) Importer(815301076,1909f56bfc062723c751e8b465ee728b)
Start importing Assets/Prefabs/UI/ExpSlider.prefab using Guid(f2b026e4181a1794682adacea07ce047) Importer(815301076,1909f56bfc062723c751e8b465ee728b)  -> (artifact id: '10fd8a539e54dcde2d2e2e1ca3fc4b4b') in 0.002850 seconds
  Import took 0.004828 seconds .

========================================================================
Received Prepare
Registering precompiled user dll's ...
Registered in 0.000570 seconds.
Begin MonoManager ReloadAssembly
Native extension for WindowsStandalone target not found
Refreshing native plugins compatible for Editor in 0.20 ms, found 0 plugins.
Preloading 0 native plugins for Editor in 0.00 ms.
Invoked RoslynAnalysisRunner static constructor.
RoslynAnalysisRunner will not be running.
RoslynAnalysisRunner has terminated.
Mono: successfully reloaded assembly
- Completed reload, in  0.756 seconds
Platform modules already initialized, skipping
Refreshing native plugins compatible for Editor in 0.20 ms, found 0 plugins.
Preloading 0 native plugins for Editor in 0.00 ms.
Unloading 1124 Unused Serialized files (Serialized files now loaded: 0)
System memory in use before: 62.0 MB.
System memory in use after: 62.0 MB.

Unloading 7 unused Assets to reduce memory usage. Loaded Objects now: 1662.
Total: 1.831800 ms (FindLiveObjects: 0.272400 ms CreateObjectMapping: 0.061700 ms MarkObjects: 1.435300 ms  DeleteObjects: 0.060800 ms)

========================================================================
Received Import Request.
  Time since last request: 13.331303 seconds.
  path: Assets/Prefabs/UI/ExpSlider.prefab
  artifactKey: Guid(f2b026e4181a1794682adacea07ce047) Importer(815301076,1909f56bfc062723c751e8b465ee728b)
Start importing Assets/Prefabs/UI/ExpSlider.prefab using Guid(f2b026e4181a1794682adacea07ce047) Importer(815301076,1909f56bfc062723c751e8b465ee728b)  -> (artifact id: 'c94757116e49a51bd6890c6dbff276d9') in 0.037535 seconds
  Import took 0.039719 seconds .

========================================================================
Received Import Request.
  Time since last request: 0.343067 seconds.
  path: Assets/Prefabs/UI/HpSlider.prefab
  artifactKey: Guid(bc91f2f81f59319499c2e136713fb212) Importer(815301076,1909f56bfc062723c751e8b465ee728b)
Start importing Assets/Prefabs/UI/HpSlider.prefab using Guid(bc91f2f81f59319499c2e136713fb212) Importer(815301076,1909f56bfc062723c751e8b465ee728b)  -> (artifact id: '41e0d794f4efc53b114c48f7ab0fde1b') in 0.004528 seconds
  Import took 0.006543 seconds .

========================================================================
Received Import Request.
  Time since last request: 0.001102 seconds.
  path: Assets/Prefabs/UI/HpSlider.prefab
  artifactKey: Guid(bc91f2f81f59319499c2e136713fb212) Importer(815301076,1909f56bfc062723c751e8b465ee728b)
Start importing Assets/Prefabs/UI/HpSlider.prefab using Guid(bc91f2f81f59319499c2e136713fb212) Importer(815301076,1909f56bfc062723c751e8b465ee728b)  -> (artifact id: '41e0d794f4efc53b114c48f7ab0fde1b') in 0.002942 seconds
  Import took 0.005253 seconds .

========================================================================
Received Import Request.
  Time since last request: 23.773478 seconds.
  path: Assets/Prefabs/UI/LevelText.prefab
  artifactKey: Guid(79832218efd654d45b8aba2d61674649) Importer(815301076,1909f56bfc062723c751e8b465ee728b)
Start importing Assets/Prefabs/UI/LevelText.prefab using Guid(79832218efd654d45b8aba2d61674649) Importer(815301076,1909f56bfc062723c751e8b465ee728b)  -> (artifact id: 'e77ca0682d443f00e0fb6b434a1d98bc') in 0.066616 seconds
  Import took 0.068874 seconds .

========================================================================
Received Import Request.
  Time since last request: 0.027305 seconds.
  path: Assets/Prefabs/UI/LevelText.prefab
  artifactKey: Guid(79832218efd654d45b8aba2d61674649) Importer(815301076,1909f56bfc062723c751e8b465ee728b)
Start importing Assets/Prefabs/UI/LevelText.prefab using Guid(79832218efd654d45b8aba2d61674649) Importer(815301076,1909f56bfc062723c751e8b465ee728b)  -> (artifact id: 'e77ca0682d443f00e0fb6b434a1d98bc') in 0.031060 seconds
  Import took 0.033157 seconds .

========================================================================
Received Prepare
Registering precompiled user dll's ...
Registered in 0.000751 seconds.
Begin MonoManager ReloadAssembly
Native extension for WindowsStandalone target not found
Refreshing native plugins compatible for Editor in 0.20 ms, found 0 plugins.
Preloading 0 native plugins for Editor in 0.00 ms.
Invoked RoslynAnalysisRunner static constructor.
RoslynAnalysisRunner will not be running.
RoslynAnalysisRunner has terminated.
Mono: successfully reloaded assembly
- Completed reload, in  0.763 seconds
Platform modules already initialized, skipping
Refreshing native plugins compatible for Editor in 0.67 ms, found 0 plugins.
Preloading 0 native plugins for Editor in 0.00 ms.
Unloading 1124 Unused Serialized files (Serialized files now loaded: 0)
System memory in use before: 62.0 MB.
System memory in use after: 62.1 MB.

Unloading 7 unused Assets to reduce memory usage. Loaded Objects now: 1665.
Total: 1.642500 ms (FindLiveObjects: 0.139200 ms CreateObjectMapping: 0.038400 ms MarkObjects: 1.410500 ms  DeleteObjects: 0.053500 ms)

========================================================================
Received Import Request.
  Time since last request: 14.053703 seconds.
  path: Assets/Prefabs/UI/HpSlider.prefab
  artifactKey: Guid(bc91f2f81f59319499c2e136713fb212) Importer(815301076,1909f56bfc062723c751e8b465ee728b)
Start importing Assets/Prefabs/UI/HpSlider.prefab using Guid(bc91f2f81f59319499c2e136713fb212) Importer(815301076,1909f56bfc062723c751e8b465ee728b)  -> (artifact id: '76218b8edf7c76e3675462faa45d59dd') in 0.033847 seconds
  Import took 0.041463 seconds .

========================================================================
Received Import Request.
  Time since last request: 0.081024 seconds.
  path: Assets/Prefabs/UI/HpSlider.prefab
  artifactKey: Guid(bc91f2f81f59319499c2e136713fb212) Importer(815301076,1909f56bfc062723c751e8b465ee728b)
Start importing Assets/Prefabs/UI/HpSlider.prefab using Guid(bc91f2f81f59319499c2e136713fb212) Importer(815301076,1909f56bfc062723c751e8b465ee728b)  -> (artifact id: '76218b8edf7c76e3675462faa45d59dd') in 0.002686 seconds
  Import took 0.004590 seconds .

========================================================================
Received Prepare
Registering precompiled user dll's ...
Registered in 0.000660 seconds.
Begin MonoManager ReloadAssembly
Native extension for WindowsStandalone target not found
Refreshing native plugins compatible for Editor in 0.20 ms, found 0 plugins.
Preloading 0 native plugins for Editor in 0.00 ms.
Invoked RoslynAnalysisRunner static constructor.
RoslynAnalysisRunner will not be running.
RoslynAnalysisRunner has terminated.
Mono: successfully reloaded assembly
- Completed reload, in  0.791 seconds
Platform modules already initialized, skipping
Refreshing native plugins compatible for Editor in 0.28 ms, found 0 plugins.
Preloading 0 native plugins for Editor in 0.00 ms.
Unloading 1124 Unused Serialized files (Serialized files now loaded: 0)
System memory in use before: 62.0 MB.
System memory in use after: 62.1 MB.

Unloading 7 unused Assets to reduce memory usage. Loaded Objects now: 1668.
Total: 2.138800 ms (FindLiveObjects: 0.169300 ms CreateObjectMapping: 0.069100 ms MarkObjects: 1.840500 ms  DeleteObjects: 0.059000 ms)

========================================================================
Received Prepare
Registering precompiled user dll's ...
Registered in 0.000509 seconds.
Begin MonoManager ReloadAssembly
Native extension for WindowsStandalone target not found
Refreshing native plugins compatible for Editor in 0.20 ms, found 0 plugins.
Preloading 0 native plugins for Editor in 0.00 ms.
Invoked RoslynAnalysisRunner static constructor.
RoslynAnalysisRunner will not be running.
RoslynAnalysisRunner has terminated.
Mono: successfully reloaded assembly
- Completed reload, in  0.765 seconds
Platform modules already initialized, skipping
Refreshing native plugins compatible for Editor in 0.22 ms, found 0 plugins.
Preloading 0 native plugins for Editor in 0.00 ms.
Unloading 1124 Unused Serialized files (Serialized files now loaded: 0)
System memory in use before: 62.0 MB.
System memory in use after: 62.0 MB.

Unloading 5 unused Assets to reduce memory usage. Loaded Objects now: 1671.
Total: 3.185200 ms (FindLiveObjects: 0.405900 ms CreateObjectMapping: 0.093700 ms MarkObjects: 2.597200 ms  DeleteObjects: 0.086000 ms)

========================================================================
Received Prepare
Registering precompiled user dll's ...
Registered in 0.000610 seconds.
Begin MonoManager ReloadAssembly
Native extension for WindowsStandalone target not found
Refreshing native plugins compatible for Editor in 0.20 ms, found 0 plugins.
Preloading 0 native plugins for Editor in 0.00 ms.
Invoked RoslynAnalysisRunner static constructor.
RoslynAnalysisRunner will not be running.
RoslynAnalysisRunner has terminated.
Mono: successfully reloaded assembly
- Completed reload, in  0.810 seconds
Platform modules already initialized, skipping
Refreshing native plugins compatible for Editor in 0.37 ms, found 0 plugins.
Preloading 0 native plugins for Editor in 0.00 ms.
Unloading 1124 Unused Serialized files (Serialized files now loaded: 0)
System memory in use before: 62.0 MB.
System memory in use after: 62.0 MB.

Unloading 5 unused Assets to reduce memory usage. Loaded Objects now: 1674.
Total: 1.584000 ms (FindLiveObjects: 0.168500 ms CreateObjectMapping: 0.038700 ms MarkObjects: 1.330600 ms  DeleteObjects: 0.045300 ms)

========================================================================
Received Prepare
Registering precompiled user dll's ...
Registered in 0.000537 seconds.
Begin MonoManager ReloadAssembly
Native extension for WindowsStandalone target not found
Refreshing native plugins compatible for Editor in 0.24 ms, found 0 plugins.
Preloading 0 native plugins for Editor in 0.00 ms.
Invoked RoslynAnalysisRunner static constructor.
RoslynAnalysisRunner will not be running.
RoslynAnalysisRunner has terminated.
Mono: successfully reloaded assembly
- Completed reload, in  0.781 seconds
Platform modules already initialized, skipping
Refreshing native plugins compatible for Editor in 4.75 ms, found 0 plugins.
Preloading 0 native plugins for Editor in 0.00 ms.
Unloading 1124 Unused Serialized files (Serialized files now loaded: 0)
System memory in use before: 62.0 MB.
System memory in use after: 62.1 MB.

Unloading 5 unused Assets to reduce memory usage. Loaded Objects now: 1677.
Total: 3.115400 ms (FindLiveObjects: 0.679100 ms CreateObjectMapping: 0.087200 ms MarkObjects: 2.252900 ms  DeleteObjects: 0.091900 ms)

AssetImportWorkerClient::OnTransportError - code=2 error=End of file
